   county_fips_code prediction_date  new_confirmed  new_confirmed_ground_truth
0             42007      2020-10-19            NaN                         4.0
1             42007      2020-10-17            NaN                        17.0
2             42007      2020-10-27      18.411133                         NaN
3             42007      2020-10-20            NaN                        10.0
4             42007      2020-11-04      17.455322                         NaN
5             42007      2020-10-30      16.501221                         NaN
6             42007      2020-10-15            NaN                        18.0
7             42007      2020-10-29      16.485596                         NaN
8             42007      2020-10-13            NaN                        22.0
9             42007      2020-11-02      16.408203                         NaN
10            42007      2020-10-11            NaN                        11.0
11            42007      2020-10-25      16.879395                         NaN
12            42007      2020-10-31      16.486816                         NaN
13            42007      2020-10-23      17.162109                         NaN
14            42007      2020-10-21            NaN                         2.0
15            42007      2020-10-18            NaN                        14.0
16            42007      2020-11-05      16.420166                         NaN
17            42007      2020-10-26      16.719971                         NaN
18            42007      2020-10-28      17.640137                         NaN
19            42007      2020-10-16            NaN                        15.0
20            42007      2020-11-03      18.113281                         NaN
21            42007      2020-10-14            NaN                        13.0
22            42007      2020-10-24      17.019287                         NaN
23            42007      2020-10-12            NaN                        10.0
24            42007      2020-10-22            NaN                        43.0
25            42007      2020-11-01      16.461914                         NaN
26            42007      2020-10-10            NaN                         6.0
27            42007      2020-10-09            NaN                         NaN
